LabKit/app/build/outputs/logs/manifest-merger-debug-report.txt
-- Merging decision tree log ---
manifest
ADDED from src\main\AndroidManifest.xml:1:1-51:12
	package
		ADDED from src\main\AndroidManifest.xml:4:5-39
		INJECTED from src\main\AndroidManifest.xml
		INJECTED from src\main\AndroidManifest.xml
	android:versionName
		ADDED from src\main\AndroidManifest.xml:3:5-30
		INJECTED from src\main\AndroidManifest.xml
		INJECTED from src\main\AndroidManifest.xml
	android:versionCode
		ADDED from src\main\AndroidManifest.xml:2:5-28
		INJECTED from src\main\AndroidManifest.xml
		INJECTED from src\main\AndroidManifest.xml
	xmlns:android
		ADDED from src\main\AndroidManifest.xml:1:11-69
uses-sdk
ADDED from src\main\AndroidManifest.xml:6:5-73
	android:targetSdkVersion
		ADDED from src\main\AndroidManifest.xml:6:42-71
		INJECTED from src\main\AndroidManifest.xml
		INJECTED from src\main\AndroidManifest.xml
	android:minSdkVersion
		ADDED from src\main\AndroidManifest.xml:6:15-41
		INJECTED from src\main\AndroidManifest.xml
		INJECTED from src\main\AndroidManifest.xml
application
ADDED from src\main\AndroidManifest.xml:8:5-49:19
	android:label
		ADDED from src\main\AndroidManifest.xml:10:9-41
	android:allowBackup
		ADDED from src\main\AndroidManifest.xml:8:18-44
	android:icon
		ADDED from src\main\AndroidManifest.xml:9:9-45
	android:theme
		ADDED from src\main\AndroidManifest.xml:11:9-44
activity#com.justinkleiber.labkit.Splash
ADDED from src\main\AndroidManifest.xml:13:9-19:20
	android:screenOrientation
		ADDED from src\main\AndroidManifest.xml:13:99-135
	android:label
		ADDED from src\main\AndroidManifest.xml:13:19-51
	android:name
		ADDED from src\main\AndroidManifest.xml:13:52-98
intent-filter#android.intent.action.MAIN+android.intent.category.LAUNCHER
ADDED from src\main\AndroidManifest.xml:14:13-18:29
action#android.intent.action.MAIN
ADDED from src\main\AndroidManifest.xml:15:17-68
	android:name
		ADDED from src\main\AndroidManifest.xml:15:25-66
category#android.intent.category.LAUNCHER
ADDED from src\main\AndroidManifest.xml:17:17-76
	android:name
		ADDED from src\main\AndroidManifest.xml:17:27-74
activity#com.justinkleiber.labkit.MainActivity
ADDED from src\main\AndroidManifest.xml:20:10-26:20
	android:screenOrientation
		ADDED from src\main\AndroidManifest.xml:20:106-142
	android:label
		ADDED from src\main\AndroidManifest.xml:20:20-52
	android:name
		ADDED from src\main\AndroidManifest.xml:20:53-105
intent-filter#android.intent.action.MAI+android.intent.category.DEFAULT
ADDED from src\main\AndroidManifest.xml:21:13-25:29
action#android.intent.action.MAI
ADDED from src\main\AndroidManifest.xml:22:17-67
	android:name
		ADDED from src\main\AndroidManifest.xml:22:25-65
category#android.intent.category.DEFAULT
ADDED from src\main\AndroidManifest.xml:24:17-75
	android:name
		ADDED from src\main\AndroidManifest.xml:24:27-73
activity#com.justinkleiber.labkit.Physics
ADDED from src\main\AndroidManifest.xml:27:9-33:20
	android:screenOrientation
		ADDED from src\main\AndroidManifest.xml:27:100-136
	android:label
		ADDED from src\main\AndroidManifest.xml:27:19-51
	android:name
		ADDED from src\main\AndroidManifest.xml:27:52-99
intent-filter#android.intent.action.PHYSICS+android.intent.category.DEFAULT
ADDED from src\main\AndroidManifest.xml:28:13-32:29
action#android.intent.action.PHYSICS
ADDED from src\main\AndroidManifest.xml:29:17-71
	android:name
		ADDED from src\main\AndroidManifest.xml:29:25-69
activity#com.justinkleiber.labkit.SearchPeriodicTable
ADDED from src\main\AndroidManifest.xml:34:9-40:20
	android:screenOrientation
		ADDED from src\main\AndroidManifest.xml:34:88-124
	android:label
		ADDED from src\main\AndroidManifest.xml:34:19-51
	android:name
		ADDED from src\main\AndroidManifest.xml:34:52-87
intent-filter#android.intent.action.TAB+android.intent.category.DEFAULT
ADDED from src\main\AndroidManifest.xml:35:13-39:29
action#android.intent.action.TAB
ADDED from src\main\AndroidManifest.xml:36:17-67
	android:name
		ADDED from src\main\AndroidManifest.xml:36:25-65
activity#com.justinkleiber.labkit.ElementViewer
ADDED from src\main\AndroidManifest.xml:41:9-47:20
	android:screenOrientation
		ADDED from src\main\AndroidManifest.xml:41:106-142
	android:label
		ADDED from src\main\AndroidManifest.xml:41:19-51
	android:name
		ADDED from src\main\AndroidManifest.xml:41:52-105
intent-filter#android.intent.action.EV+android.intent.category.DEFAULT
ADDED from src\main\AndroidManifest.xml:42:13-46:29
action#android.intent.action.EV
ADDED from src\main\AndroidManifest.xml:43:17-66
	android:name
		ADDED from src\main\AndroidManifest.xml:43:25-64